TN:
SF:src/__tests__/helpers/test-helpers.ts
FN:9,(anonymous_0)
FN:20,(anonymous_1)
FN:29,(anonymous_2)
FN:40,(anonymous_3)
FN:48,(anonymous_4)
FN:59,(anonymous_5)
FN:72,(anonymous_6)
FN:85,(anonymous_7)
FNF:8
FNH:7
FNDA:10,(anonymous_0)
FNDA:16,(anonymous_1)
FNDA:3,(anonymous_2)
FNDA:5,(anonymous_3)
FNDA:3,(anonymous_4)
FNDA:0,(anonymous_5)
FNDA:71,(anonymous_6)
FNDA:11,(anonymous_7)
DA:2,3
DA:3,3
DA:4,3
DA:5,3
DA:6,3
DA:7,3
DA:9,3
DA:10,10
DA:11,10
DA:12,10
DA:13,10
DA:14,10
DA:15,10
DA:16,10
DA:17,10
DA:20,3
DA:21,16
DA:22,16
DA:23,16
DA:24,16
DA:25,16
DA:26,16
DA:27,16
DA:28,16
DA:29,16
DA:37,16
DA:40,3
DA:41,5
DA:42,5
DA:43,5
DA:44,5
DA:45,5
DA:46,5
DA:47,5
DA:48,5
DA:56,5
DA:59,3
DA:62,0
DA:63,0
DA:64,0
DA:65,0
DA:66,0
DA:67,0
DA:68,0
DA:69,0
DA:72,3
DA:73,71
DA:85,3
DA:86,11
DA:87,11
DA:88,11
DA:89,11
DA:90,11
DA:91,11
DA:92,11
LF:55
LH:47
BRDA:11,0,0,10
BRDA:11,0,1,5
BRDA:12,1,0,10
BRDA:12,1,1,3
BRDA:13,2,0,10
BRDA:13,2,1,6
BRDA:14,3,0,10
BRDA:14,3,1,5
BRDA:15,4,0,10
BRDA:15,4,1,10
BRDA:16,5,0,10
BRDA:16,5,1,10
BRDA:22,6,0,16
BRDA:22,6,1,2
BRDA:23,7,0,16
BRDA:23,7,1,14
BRDA:24,8,0,16
BRDA:24,8,1,15
BRDA:25,9,0,16
BRDA:25,9,1,9
BRDA:26,10,0,16
BRDA:26,10,1,16
BRDA:27,11,0,16
BRDA:27,11,1,16
BRDA:28,12,0,16
BRDA:28,12,1,16
BRDA:42,13,0,5
BRDA:42,13,1,2
BRDA:43,14,0,5
BRDA:43,14,1,3
BRDA:44,15,0,5
BRDA:44,15,1,4
BRDA:45,16,0,5
BRDA:45,16,1,0
BRDA:46,17,0,5
BRDA:46,17,1,5
BRDA:47,18,0,5
BRDA:47,18,1,5
BRDA:63,19,0,0
BRDA:63,19,1,0
BRDA:64,20,0,0
BRDA:64,20,1,0
BRDA:65,21,0,0
BRDA:65,21,1,0
BRDA:66,22,0,0
BRDA:66,22,1,0
BRDA:67,23,0,0
BRDA:67,23,1,0
BRDA:68,24,0,0
BRDA:68,24,1,0
BRDA:87,25,0,11
BRDA:87,25,1,11
BRDA:88,26,0,11
BRDA:88,26,1,8
BRDA:89,27,0,11
BRDA:89,27,1,11
BRDA:90,28,0,11
BRDA:90,28,1,9
BRDA:91,29,0,11
BRDA:91,29,1,11
BRF:60
BRH:47
end_of_record
TN:
SF:src/modules/auth/auth.controller.ts
FN:7,(anonymous_1)
FN:42,(anonymous_2)
FN:76,(anonymous_3)
FN:109,(anonymous_4)
FN:134,(anonymous_5)
FNF:5
FNH:0
FNDA:0,(anonymous_1)
FNDA:0,(anonymous_2)
FNDA:0,(anonymous_3)
FNDA:0,(anonymous_4)
FNDA:0,(anonymous_5)
DA:2,2
DA:5,2
DA:7,2
DA:8,0
DA:9,0
DA:11,0
DA:12,0
DA:16,0
DA:17,0
DA:20,0
DA:22,0
DA:27,0
DA:29,0
DA:34,0
DA:38,0
DA:42,2
DA:43,0
DA:44,0
DA:46,0
DA:47,0
DA:51,0
DA:52,0
DA:55,0
DA:57,0
DA:62,0
DA:64,0
DA:68,0
DA:72,0
DA:76,2
DA:77,0
DA:78,0
DA:80,0
DA:81,0
DA:85,0
DA:86,0
DA:89,0
DA:91,0
DA:96,0
DA:98,0
DA:101,0
DA:105,0
DA:109,2
DA:110,0
DA:111,0
DA:113,0
DA:114,0
DA:117,0
DA:121,0
DA:123,0
DA:126,0
DA:130,0
DA:134,2
DA:135,0
DA:136,0
DA:137,0
DA:141,0
DA:142,0
DA:145,0
DA:147,0
DA:148,0
DA:152,0
DA:153,0
DA:156,0
DA:160,0
DA:162,0
DA:167,0
DA:171,0
LF:67
LH:7
BRDA:11,0,0,0
BRDA:11,0,1,0
BRDA:11,1,0,0
BRDA:11,1,1,0
BRDA:11,1,2,0
BRDA:30,2,0,0
BRDA:30,2,1,0
BRDA:31,3,0,0
BRDA:31,3,1,0
BRDA:36,4,0,0
BRDA:36,4,1,0
BRDA:46,5,0,0
BRDA:46,5,1,0
BRDA:46,6,0,0
BRDA:46,6,1,0
BRDA:65,7,0,0
BRDA:65,7,1,0
BRDA:70,8,0,0
BRDA:70,8,1,0
BRDA:80,9,0,0
BRDA:80,9,1,0
BRDA:99,10,0,0
BRDA:99,10,1,0
BRDA:103,11,0,0
BRDA:103,11,1,0
BRDA:113,12,0,0
BRDA:113,12,1,0
BRDA:124,13,0,0
BRDA:124,13,1,0
BRDA:128,14,0,0
BRDA:128,14,1,0
BRDA:136,15,0,0
BRDA:136,15,1,0
BRDA:147,16,0,0
BRDA:147,16,1,0
BRDA:163,17,0,0
BRDA:163,17,1,0
BRDA:165,18,0,0
BRDA:165,18,1,0
BRDA:169,19,0,0
BRDA:169,19,1,0
BRF:41
BRH:0
end_of_record
TN:
SF:src/modules/auth/auth.service.ts
FN:13,(anonymous_1)
FN:69,(anonymous_2)
FN:119,(anonymous_3)
FN:183,(anonymous_4)
FN:200,(anonymous_5)
FN:208,(anonymous_6)
FNF:6
FNH:5
FNDA:3,(anonymous_1)
FNDA:3,(anonymous_2)
FNDA:4,(anonymous_3)
FNDA:2,(anonymous_4)
FNDA:2,(anonymous_5)
FNDA:0,(anonymous_6)
DA:2,3
DA:3,3
DA:4,3
DA:5,3
DA:6,3
DA:8,3
DA:9,3
DA:10,3
DA:17,3
DA:20,3
DA:23,3
DA:24,1
DA:25,1
DA:29,2
DA:32,2
DA:38,2
DA:39,2
DA:42,2
DA:48,2
DA:49,2
DA:51,2
DA:56,2
DA:58,2
DA:63,2
DA:73,3
DA:76,3
DA:79,3
DA:80,1
DA:81,1
DA:85,2
DA:86,2
DA:87,1
DA:88,1
DA:92,1
DA:98,1
DA:99,1
DA:101,1
DA:106,1
DA:108,1
DA:113,1
DA:120,4
DA:124,4
DA:125,4
DA:127,1
DA:130,1
DA:134,3
DA:139,3
DA:140,1
DA:143,1
DA:147,2
DA:149,1
DA:150,1
DA:153,1
DA:157,1
DA:163,1
DA:166,1
DA:167,1
DA:169,1
DA:174,1
DA:176,1
DA:180,1
DA:184,2
DA:186,2
DA:190,2
DA:191,1
DA:192,1
DA:196,1
DA:201,2
DA:204,2
DA:209,0
DA:210,0
DA:211,0
DA:217,0
DA:218,0
DA:222,0
LF:75
LH:69
BRDA:23,0,0,1
BRDA:23,0,1,2
BRDA:79,1,0,1
BRDA:79,1,1,2
BRDA:86,2,0,1
BRDA:86,2,1,1
BRDA:128,3,0,1
BRDA:128,3,1,0
BRDA:139,4,0,1
BRDA:139,4,1,2
BRDA:147,5,0,1
BRDA:147,5,1,1
BRDA:190,6,0,1
BRDA:190,6,1,1
BRDA:204,7,0,1
BRDA:204,7,1,1
BRDA:217,8,0,0
BRDA:217,8,1,0
BRDA:217,9,0,0
BRDA:217,9,1,0
BRF:20
BRH:15
end_of_record
TN:
SF:src/modules/health/health.controller.ts
FN:4,(anonymous_0)
FNF:1
FNH:0
FNDA:0,(anonymous_0)
DA:4,2
DA:5,0
DA:14,0
LF:3
LH:1
BRF:0
BRH:0
end_of_record
TN:
SF:src/modules/invite/invite.controller.ts
FN:8,(anonymous_1)
FN:63,(anonymous_2)
FN:106,(anonymous_3)
FN:148,(anonymous_4)
FN:164,(anonymous_5)
FN:184,(anonymous_6)
FNF:6
FNH:0
FNDA:0,(anonymous_1)
FNDA:0,(anonymous_2)
FNDA:0,(anonymous_3)
FNDA:0,(anonymous_4)
FNDA:0,(anonymous_5)
FNDA:0,(anonymous_6)
DA:2,2
DA:5,2
DA:6,2
DA:8,2
DA:9,0
DA:10,0
DA:11,0
DA:15,0
DA:16,0
DA:19,0
DA:20,0
DA:22,0
DA:23,0
DA:27,0
DA:28,0
DA:31,0
DA:32,0
DA:40,0
DA:48,0
DA:50,0
DA:55,0
DA:59,0
DA:63,2
DA:64,0
DA:65,0
DA:66,0
DA:70,0
DA:71,0
DA:74,0
DA:76,0
DA:77,0
DA:81,0
DA:82,0
DA:85,0
DA:87,0
DA:92,0
DA:94,0
DA:98,0
DA:102,0
DA:106,2
DA:107,0
DA:108,0
DA:109,0
DA:113,0
DA:114,0
DA:117,0
DA:119,0
DA:120,0
DA:124,0
DA:125,0
DA:128,0
DA:130,0
DA:134,0
DA:136,0
DA:140,0
DA:144,0
DA:148,2
DA:149,0
DA:150,0
DA:151,0
DA:155,0
DA:156,0
DA:159,0
DA:160,0
DA:162,0
DA:164,0
DA:169,0
DA:171,0
DA:176,0
DA:180,0
DA:184,2
DA:185,0
DA:186,0
DA:187,0
DA:191,0
DA:192,0
DA:195,0
DA:196,0
DA:198,0
DA:202,0
DA:204,0
DA:210,0
DA:214,0
DA:215,0
LF:84
LH:8
BRDA:10,0,0,0
BRDA:10,0,1,0
BRDA:22,1,0,0
BRDA:22,1,1,0
BRDA:31,2,0,0
BRDA:31,2,1,0
BRDA:51,3,0,0
BRDA:51,3,1,0
BRDA:57,4,0,0
BRDA:57,4,1,0
BRDA:65,5,0,0
BRDA:65,5,1,0
BRDA:76,6,0,0
BRDA:76,6,1,0
BRDA:95,7,0,0
BRDA:95,7,1,0
BRDA:100,8,0,0
BRDA:100,8,1,0
BRDA:108,9,0,0
BRDA:108,9,1,0
BRDA:119,10,0,0
BRDA:119,10,1,0
BRDA:137,11,0,0
BRDA:137,11,1,0
BRDA:142,12,0,0
BRDA:142,12,1,0
BRDA:150,13,0,0
BRDA:150,13,1,0
BRDA:172,14,0,0
BRDA:172,14,1,0
BRDA:178,15,0,0
BRDA:178,15,1,0
BRDA:186,16,0,0
BRDA:186,16,1,0
BRDA:205,17,0,0
BRDA:205,17,1,0
BRDA:212,18,0,0
BRDA:212,18,1,0
BRDA:214,19,0,0
BRDA:214,19,1,0
BRDA:214,20,0,0
BRDA:214,20,1,0
BRF:42
BRH:0
end_of_record
TN:
SF:src/modules/invite/invite.service.ts
FN:21,(anonymous_1)
FN:80,(anonymous_2)
FN:158,(anonymous_3)
FN:195,(anonymous_4)
FN:220,(anonymous_5)
FNF:5
FNH:0
FNDA:0,(anonymous_1)
FNDA:0,(anonymous_2)
FNDA:0,(anonymous_3)
FNDA:0,(anonymous_4)
FNDA:0,(anonymous_5)
DA:2,2
DA:3,2
DA:4,2
DA:5,2
DA:6,2
DA:7,2
DA:8,2
DA:9,2
DA:10,2
DA:12,2
DA:13,2
DA:15,2
DA:17,2
DA:19,2
DA:27,0
DA:30,0
DA:33,0
DA:34,0
DA:35,0
DA:39,0
DA:40,0
DA:41,0
DA:44,0
DA:45,0
DA:46,0
DA:51,0
DA:54,0
DA:55,0
DA:56,0
DA:60,0
DA:61,0
DA:62,0
DA:64,0
DA:74,0
DA:75,0
DA:77,0
DA:81,0
DA:83,0
DA:88,0
DA:89,0
DA:90,0
DA:93,0
DA:94,0
DA:98,0
DA:101,0
DA:102,0
DA:103,0
DA:104,0
DA:105,0
DA:109,0
DA:116,0
DA:117,0
DA:122,0
DA:124,0
DA:125,0
DA:126,0
DA:127,0
DA:128,0
DA:132,0
DA:138,0
DA:141,0
DA:142,0
DA:145,0
DA:150,0
DA:155,0
DA:159,0
DA:161,0
DA:165,0
DA:166,0
DA:167,0
DA:170,0
DA:171,0
DA:175,0
DA:179,0
DA:180,0
DA:181,0
DA:186,0
DA:189,0
DA:190,0
DA:192,0
DA:199,0
DA:202,0
DA:206,0
DA:207,0
DA:208,0
DA:211,0
DA:217,0
DA:221,0
DA:224,0
DA:228,0
DA:232,0
DA:233,0
DA:234,0
DA:237,0
DA:241,0
DA:246,0
DA:249,0
DA:250,0
DA:254,0
DA:257,0
DA:258,0
LF:101
LH:14
BRDA:33,0,0,0
BRDA:33,0,1,0
BRDA:40,1,0,0
BRDA:40,1,1,0
BRDA:44,2,0,0
BRDA:44,2,1,0
BRDA:54,3,0,0
BRDA:54,3,1,0
BRDA:88,4,0,0
BRDA:88,4,1,0
BRDA:93,5,0,0
BRDA:93,5,1,0
BRDA:101,6,0,0
BRDA:101,6,1,0
BRDA:101,7,0,0
BRDA:101,7,1,0
BRDA:116,8,0,0
BRDA:116,8,1,0
BRDA:116,9,0,0
BRDA:116,9,1,0
BRDA:124,10,0,0
BRDA:124,10,1,0
BRDA:165,11,0,0
BRDA:165,11,1,0
BRDA:170,12,0,0
BRDA:170,12,1,0
BRDA:180,13,0,0
BRDA:180,13,1,0
BRDA:180,14,0,0
BRDA:180,14,1,0
BRDA:206,15,0,0
BRDA:206,15,1,0
BRDA:232,16,0,0
BRDA:232,16,1,0
BRDA:237,17,0,0
BRDA:237,17,1,0
BRDA:238,18,0,0
BRDA:238,18,1,0
BRDA:238,18,2,0
BRDA:249,19,0,0
BRDA:249,19,1,0
BRF:41
BRH:0
end_of_record
TN:
SF:src/modules/job/job.controller.ts
FN:10,(anonymous_1)
FN:49,(anonymous_2)
FN:86,(anonymous_3)
FN:136,(anonymous_4)
FNF:4
FNH:0
FNDA:0,(anonymous_1)
FNDA:0,(anonymous_2)
FNDA:0,(anonymous_3)
FNDA:0,(anonymous_4)
DA:2,2
DA:3,2
DA:5,2
DA:7,2
DA:9,2
DA:11,0
DA:12,0
DA:13,0
DA:16,0
DA:17,0
DA:21,0
DA:22,0
DA:25,0
DA:27,0
DA:33,0
DA:35,0
DA:40,0
DA:45,0
DA:50,0
DA:51,0
DA:52,0
DA:54,0
DA:56,0
DA:57,0
DA:61,0
DA:62,0
DA:65,0
DA:70,0
DA:72,0
DA:77,0
DA:82,0
DA:87,0
DA:88,0
DA:90,0
DA:91,0
DA:95,0
DA:96,0
DA:99,0
DA:100,0
DA:101,0
DA:102,0
DA:104,0
DA:111,0
DA:121,0
DA:123,0
DA:127,0
DA:132,0
DA:137,0
DA:138,0
DA:139,0
DA:141,0
DA:143,0
DA:144,0
DA:148,0
DA:149,0
DA:152,0
DA:157,0
DA:159,0
DA:164,0
DA:169,0
LF:60
LH:5
BRDA:16,0,0,0
BRDA:16,0,1,0
BRDA:36,1,0,0
BRDA:36,1,1,0
BRDA:37,2,0,0
BRDA:37,2,1,0
BRDA:42,3,0,0
BRDA:42,3,1,0
BRDA:56,4,0,0
BRDA:56,4,1,0
BRDA:73,5,0,0
BRDA:73,5,1,0
BRDA:79,6,0,0
BRDA:79,6,1,0
BRDA:90,7,0,0
BRDA:90,7,1,0
BRDA:101,8,0,0
BRDA:101,8,1,0
BRDA:102,9,0,0
BRDA:102,9,1,0
BRDA:124,10,0,0
BRDA:124,10,1,0
BRDA:129,11,0,0
BRDA:129,11,1,0
BRDA:143,12,0,0
BRDA:143,12,1,0
BRDA:160,13,0,0
BRDA:160,13,1,0
BRDA:166,14,0,0
BRDA:166,14,1,0
BRF:30
BRH:0
end_of_record
TN:
SF:src/modules/job/job.service.ts
FN:6,(anonymous_1)
FN:9,(anonymous_2)
FN:68,(anonymous_3)
FN:100,(anonymous_4)
FN:136,(anonymous_5)
FN:148,(anonymous_6)
FN:192,(anonymous_7)
FN:245,(anonymous_8)
FN:278,(anonymous_9)
FNF:9
FNH:1
FNDA:2,(anonymous_1)
FNDA:0,(anonymous_2)
FNDA:0,(anonymous_3)
FNDA:0,(anonymous_4)
FNDA:0,(anonymous_5)
FNDA:0,(anonymous_6)
FNDA:0,(anonymous_7)
FNDA:0,(anonymous_8)
FNDA:0,(anonymous_9)
DA:1,2
DA:2,2
DA:3,2
DA:4,2
DA:6,2
DA:7,2
DA:10,0
DA:12,0
DA:13,0
DA:17,0
DA:18,0
DA:22,0
DA:27,0
DA:37,0
DA:41,0
DA:50,0
DA:57,0
DA:59,0
DA:64,0
DA:69,0
DA:70,0
DA:71,0
DA:72,0
DA:75,0
DA:77,0
DA:78,0
DA:83,0
DA:84,0
DA:85,0
DA:87,0
DA:90,0
DA:92,0
DA:96,0
DA:109,0
DA:110,0
DA:114,0
DA:115,0
DA:118,0
DA:119,0
DA:122,0
DA:124,0
DA:125,0
DA:127,0
DA:128,0
DA:131,0
DA:133,0
DA:135,0
DA:136,0
DA:140,0
DA:144,0
DA:149,0
DA:150,0
DA:151,0
DA:152,0
DA:155,0
DA:157,0
DA:158,0
DA:161,0
DA:162,0
DA:166,0
DA:170,0
DA:171,0
DA:174,0
DA:175,0
DA:177,0
DA:182,0
DA:184,0
DA:188,0
DA:198,0
DA:199,0
DA:201,0
DA:202,0
DA:203,0
DA:206,0
DA:207,0
DA:208,0
DA:210,0
DA:211,0
DA:214,0
DA:215,0
DA:218,0
DA:219,0
DA:222,0
DA:223,0
DA:224,0
DA:227,0
DA:229,0
DA:236,0
DA:241,0
DA:246,0
DA:248,0
DA:249,0
DA:250,0
DA:252,0
DA:253,0
DA:254,0
DA:255,0
DA:256,0
DA:258,0
DA:259,0
DA:260,0
DA:261,0
DA:262,0
DA:264,0
DA:265,0
DA:266,0
DA:267,0
DA:270,0
DA:271,0
DA:273,0
DA:274,0
DA:279,0
LF:112
LH:6
BRDA:12,0,0,0
BRDA:12,0,1,0
BRDA:17,1,0,0
BRDA:17,1,1,0
BRDA:30,2,0,0
BRDA:30,2,1,0
BRDA:31,3,0,0
BRDA:31,3,1,0
BRDA:32,4,0,0
BRDA:32,4,1,0
BRDA:32,4,2,0
BRDA:33,5,0,0
BRDA:33,5,1,0
BRDA:45,6,0,0
BRDA:45,6,1,0
BRDA:60,7,0,0
BRDA:60,7,1,0
BRDA:61,8,0,0
BRDA:61,8,1,0
BRDA:71,9,0,0
BRDA:71,9,1,0
BRDA:77,10,0,0
BRDA:77,10,1,0
BRDA:83,11,0,0
BRDA:83,11,1,0
BRDA:85,12,0,0
BRDA:85,12,1,0
BRDA:93,13,0,0
BRDA:93,13,1,0
BRDA:114,14,0,0
BRDA:114,14,1,0
BRDA:118,15,0,0
BRDA:118,15,1,0
BRDA:124,16,0,0
BRDA:124,16,1,0
BRDA:127,17,0,0
BRDA:127,17,1,0
BRDA:141,18,0,0
BRDA:141,18,1,0
BRDA:151,19,0,0
BRDA:151,19,1,0
BRDA:157,20,0,0
BRDA:157,20,1,0
BRDA:161,21,0,0
BRDA:161,21,1,0
BRDA:161,22,0,0
BRDA:161,22,1,0
BRDA:170,23,0,0
BRDA:170,23,1,0
BRDA:185,24,0,0
BRDA:185,24,1,0
BRDA:201,25,0,0
BRDA:201,25,1,0
BRDA:207,26,0,0
BRDA:207,26,1,0
BRDA:210,27,0,0
BRDA:210,27,1,0
BRDA:214,28,0,0
BRDA:214,28,1,0
BRDA:214,29,0,0
BRDA:214,29,1,0
BRDA:218,30,0,0
BRDA:218,30,1,0
BRDA:222,31,0,0
BRDA:222,31,1,0
BRDA:237,32,0,0
BRDA:237,32,1,0
BRDA:246,33,0,0
BRDA:246,33,1,0
BRDA:252,34,0,0
BRDA:252,34,1,0
BRDA:255,35,0,0
BRDA:255,35,1,0
BRDA:258,36,0,0
BRDA:258,36,1,0
BRDA:261,37,0,0
BRDA:261,37,1,0
BRDA:264,38,0,0
BRDA:264,38,1,0
BRDA:266,39,0,0
BRDA:266,39,1,0
BRDA:270,40,0,0
BRDA:270,40,1,0
BRDA:270,41,0,0
BRDA:270,41,1,0
BRDA:271,42,0,0
BRDA:271,42,1,0
BRDA:271,43,0,0
BRDA:271,43,1,0
BRDA:273,44,0,0
BRDA:273,44,1,0
BRDA:273,45,0,0
BRDA:273,45,1,0
BRDA:273,45,2,0
BRDA:273,45,3,0
BRDA:273,45,4,0
BRF:96
BRH:0
end_of_record
TN:
SF:src/modules/job/worker.service.ts
FN:8,(anonymous_1)
FN:12,(anonymous_2)
FN:18,(anonymous_3)
FN:23,(anonymous_4)
FN:32,(anonymous_5)
FN:34,(anonymous_6)
FN:38,(anonymous_7)
FN:53,(anonymous_8)
FN:57,(anonymous_9)
FN:72,(anonymous_10)
FN:76,(anonymous_11)
FN:91,(anonymous_12)
FN:95,(anonymous_13)
FN:110,(anonymous_14)
FN:114,(anonymous_15)
FN:130,(anonymous_16)
FN:149,(anonymous_17)
FN:156,(anonymous_18)
FN:170,(anonymous_19)
FN:200,(anonymous_20)
FN:208,(anonymous_21)
FN:219,(anonymous_22)
FN:264,(anonymous_23)
FN:265,(anonymous_24)
FN:271,(anonymous_25)
FNF:25
FNH:0
FNDA:0,(anonymous_1)
FNDA:0,(anonymous_2)
FNDA:0,(anonymous_3)
FNDA:0,(anonymous_4)
FNDA:0,(anonymous_5)
FNDA:0,(anonymous_6)
FNDA:0,(anonymous_7)
FNDA:0,(anonymous_8)
FNDA:0,(anonymous_9)
FNDA:0,(anonymous_10)
FNDA:0,(anonymous_11)
FNDA:0,(anonymous_12)
FNDA:0,(anonymous_13)
FNDA:0,(anonymous_14)
FNDA:0,(anonymous_15)
FNDA:0,(anonymous_16)
FNDA:0,(anonymous_17)
FNDA:0,(anonymous_18)
FNDA:0,(anonymous_19)
FNDA:0,(anonymous_20)
FNDA:0,(anonymous_21)
FNDA:0,(anonymous_22)
FNDA:0,(anonymous_23)
FNDA:0,(anonymous_24)
FNDA:0,(anonymous_25)
DA:1,0
DA:2,0
DA:3,0
DA:4,0
DA:8,0
DA:9,0
DA:13,0
DA:14,0
DA:16,0
DA:20,0
DA:23,0
DA:24,0
DA:27,0
DA:34,0
DA:35,0
DA:38,0
DA:41,0
DA:42,0
DA:45,0
DA:53,0
DA:54,0
DA:57,0
DA:59,0
DA:60,0
DA:63,0
DA:72,0
DA:73,0
DA:76,0
DA:78,0
DA:79,0
DA:82,0
DA:91,0
DA:92,0
DA:95,0
DA:97,0
DA:98,0
DA:101,0
DA:110,0
DA:111,0
DA:114,0
DA:116,0
DA:117,0
DA:120,0
DA:131,0
DA:137,0
DA:146,0
DA:147,0
DA:150,0
DA:156,0
DA:157,0
DA:164,0
DA:167,0
DA:170,0
DA:171,0
DA:179,0
DA:181,0
DA:184,0
DA:185,0
DA:187,0
DA:195,0
DA:200,0
DA:201,0
DA:208,0
DA:209,0
DA:215,0
DA:216,0
DA:220,0
DA:222,0
DA:223,0
DA:227,0
DA:230,0
DA:232,0
DA:239,0
DA:241,0
DA:243,0
DA:249,0
DA:251,0
DA:260,0
DA:265,0
DA:266,0
DA:267,0
DA:268,0
DA:272,0
DA:276,0
LF:84
LH:0
BRDA:41,0,0,0
BRDA:41,0,1,0
BRDA:59,1,0,0
BRDA:59,1,1,0
BRDA:66,2,0,0
BRDA:66,2,1,0
BRDA:67,3,0,0
BRDA:67,3,1,0
BRDA:78,4,0,0
BRDA:78,4,1,0
BRDA:84,5,0,0
BRDA:84,5,1,0
BRDA:85,6,0,0
BRDA:85,6,1,0
BRDA:97,7,0,0
BRDA:97,7,1,0
BRDA:104,8,0,0
BRDA:104,8,1,0
BRDA:116,9,0,0
BRDA:116,9,1,0
BRDA:123,10,0,0
BRDA:123,10,1,0
BRDA:132,11,0,0
BRDA:132,11,1,0
BRDA:133,12,0,0
BRDA:133,12,1,0
BRDA:164,13,0,0
BRDA:164,13,1,0
BRDA:179,14,0,0
BRDA:179,14,1,0
BRDA:181,15,0,0
BRDA:181,15,1,0
BRDA:184,16,0,0
BRDA:184,16,1,0
BRDA:185,17,0,0
BRDA:185,17,1,0
BRDA:222,18,0,0
BRDA:222,18,1,0
BRDA:227,19,0,0
BRDA:227,19,1,0
BRDA:255,20,0,0
BRDA:255,20,1,0
BRDA:256,21,0,0
BRDA:256,21,1,0
BRF:44
BRH:0
end_of_record
TN:
SF:src/modules/project/project.controller.ts
FN:8,(anonymous_1)
FN:60,(anonymous_2)
FN:108,(anonymous_3)
FN:159,(anonymous_4)
FN:216,(anonymous_5)
FNF:5
FNH:0
FNDA:0,(anonymous_1)
FNDA:0,(anonymous_2)
FNDA:0,(anonymous_3)
FNDA:0,(anonymous_4)
FNDA:0,(anonymous_5)
DA:2,2
DA:6,2
DA:8,2
DA:9,0
DA:10,0
DA:11,0
DA:15,0
DA:16,0
DA:19,0
DA:21,0
DA:22,0
DA:26,0
DA:27,0
DA:30,0
DA:35,0
DA:40,0
DA:42,0
DA:47,0
DA:52,0
DA:56,0
DA:60,2
DA:61,0
DA:62,0
DA:63,0
DA:67,0
DA:68,0
DA:71,0
DA:73,0
DA:74,0
DA:78,0
DA:79,0
DA:82,0
DA:84,0
DA:88,0
DA:90,0
DA:95,0
DA:100,0
DA:104,0
DA:108,2
DA:109,0
DA:110,0
DA:111,0
DA:115,0
DA:116,0
DA:119,0
DA:121,0
DA:122,0
DA:126,0
DA:127,0
DA:130,0
DA:132,0
DA:136,0
DA:138,0
DA:144,0
DA:149,0
DA:155,0
DA:159,2
DA:160,0
DA:161,0
DA:162,0
DA:166,0
DA:167,0
DA:170,0
DA:171,0
DA:173,0
DA:174,0
DA:178,0
DA:179,0
DA:182,0
DA:183,0
DA:184,0
DA:186,0
DA:188,0
DA:193,0
DA:195,0
DA:201,0
DA:206,0
DA:212,0
DA:216,2
DA:217,0
DA:218,0
DA:219,0
DA:223,0
DA:224,0
DA:227,0
DA:229,0
DA:230,0
DA:234,0
DA:235,0
DA:238,0
DA:240,0
DA:244,0
DA:246,0
DA:252,0
DA:257,0
DA:263,0
LF:96
LH:7
BRDA:10,0,0,0
BRDA:10,0,1,0
BRDA:21,1,0,0
BRDA:21,1,1,0
BRDA:21,2,0,0
BRDA:21,2,1,0
BRDA:43,3,0,0
BRDA:43,3,1,0
BRDA:49,4,0,0
BRDA:49,4,1,0
BRDA:52,5,0,0
BRDA:52,5,1,0
BRDA:52,6,0,0
BRDA:52,6,1,0
BRDA:52,6,2,0
BRDA:62,7,0,0
BRDA:62,7,1,0
BRDA:73,8,0,0
BRDA:73,8,1,0
BRDA:91,9,0,0
BRDA:91,9,1,0
BRDA:97,10,0,0
BRDA:97,10,1,0
BRDA:100,11,0,0
BRDA:100,11,1,0
BRDA:100,12,0,0
BRDA:100,12,1,0
BRDA:100,12,2,0
BRDA:110,13,0,0
BRDA:110,13,1,0
BRDA:121,14,0,0
BRDA:121,14,1,0
BRDA:139,15,0,0
BRDA:139,15,1,0
BRDA:146,16,0,0
BRDA:146,16,1,0
BRDA:149,17,0,0
BRDA:149,17,1,0
BRDA:149,18,0,0
BRDA:149,18,1,0
BRDA:149,18,2,0
BRDA:149,18,3,0
BRDA:161,19,0,0
BRDA:161,19,1,0
BRDA:173,20,0,0
BRDA:173,20,1,0
BRDA:183,21,0,0
BRDA:183,21,1,0
BRDA:184,22,0,0
BRDA:184,22,1,0
BRDA:196,23,0,0
BRDA:196,23,1,0
BRDA:203,24,0,0
BRDA:203,24,1,0
BRDA:206,25,0,0
BRDA:206,25,1,0
BRDA:206,26,0,0
BRDA:206,26,1,0
BRDA:206,26,2,0
BRDA:206,26,3,0
BRDA:218,27,0,0
BRDA:218,27,1,0
BRDA:229,28,0,0
BRDA:229,28,1,0
BRDA:247,29,0,0
BRDA:247,29,1,0
BRDA:254,30,0,0
BRDA:254,30,1,0
BRDA:257,31,0,0
BRDA:257,31,1,0
BRDA:257,32,0,0
BRDA:257,32,1,0
BRDA:257,32,2,0
BRDA:257,32,3,0
BRF:74
BRH:0
end_of_record
TN:
SF:src/modules/project/project.service.ts
FN:20,(anonymous_1)
FN:85,(anonymous_2)
FN:133,(anonymous_3)
FN:141,(anonymous_4)
FN:204,(anonymous_5)
FN:273,(anonymous_6)
FNF:6
FNH:4
FNDA:4,(anonymous_1)
FNDA:0,(anonymous_2)
FNDA:0,(anonymous_3)
FNDA:3,(anonymous_4)
FNDA:2,(anonymous_5)
FNDA:1,(anonymous_6)
DA:2,3
DA:3,3
DA:9,3
DA:10,3
DA:11,3
DA:12,3
DA:14,3
DA:15,3
DA:17,3
DA:24,4
DA:30,4
DA:34,4
DA:35,1
DA:38,1
DA:42,3
DA:47,3
DA:48,1
DA:52,1
DA:56,2
DA:59,2
DA:60,1
DA:64,1
DA:67,1
DA:73,1
DA:74,1
DA:80,1
DA:82,1
DA:86,0
DA:89,0
DA:90,0
DA:91,0
DA:92,0
DA:94,0
DA:95,0
DA:96,0
DA:100,0
DA:102,0
DA:106,0
DA:113,0
DA:114,0
DA:117,0
DA:120,0
DA:121,0
DA:125,0
DA:128,0
DA:133,0
DA:136,0
DA:138,0
DA:146,3
DA:149,3
DA:150,3
DA:151,3
DA:152,1
DA:154,1
DA:155,1
DA:156,0
DA:160,0
DA:162,1
DA:166,2
DA:173,2
DA:174,0
DA:177,0
DA:180,2
DA:181,0
DA:185,0
DA:188,2
DA:192,2
DA:193,1
DA:194,1
DA:197,1
DA:199,1
DA:201,1
DA:210,2
DA:213,2
DA:217,2
DA:218,0
DA:221,0
DA:225,2
DA:226,2
DA:227,1
DA:231,1
DA:234,1
DA:238,1
DA:239,0
DA:243,0
DA:247,1
DA:248,0
DA:251,0
DA:252,0
DA:256,0
DA:260,1
DA:261,1
DA:263,1
DA:268,1
DA:270,1
DA:278,1
DA:281,1
DA:285,1
DA:286,0
DA:289,0
DA:293,1
DA:294,1
DA:295,0
DA:299,0
DA:302,1
DA:306,1
DA:307,0
DA:311,0
DA:314,1
DA:315,1
DA:318,1
LF:111
LH:70
BRDA:34,0,0,1
BRDA:34,0,1,3
BRDA:47,1,0,1
BRDA:47,1,1,2
BRDA:59,2,0,1
BRDA:59,2,1,1
BRDA:91,3,0,0
BRDA:91,3,1,0
BRDA:95,4,0,0
BRDA:95,4,1,0
BRDA:113,5,0,0
BRDA:113,5,1,0
BRDA:120,6,0,0
BRDA:120,6,1,0
BRDA:151,7,0,1
BRDA:151,7,1,2
BRDA:155,8,0,0
BRDA:155,8,1,1
BRDA:173,9,0,0
BRDA:173,9,1,2
BRDA:180,10,0,0
BRDA:180,10,1,2
BRDA:192,11,0,1
BRDA:192,11,1,1
BRDA:217,12,0,0
BRDA:217,12,1,2
BRDA:226,13,0,1
BRDA:226,13,1,1
BRDA:238,14,0,0
BRDA:238,14,1,1
BRDA:247,15,0,0
BRDA:247,15,1,1
BRDA:247,16,0,1
BRDA:247,16,1,0
BRDA:251,17,0,0
BRDA:251,17,1,0
BRDA:285,18,0,0
BRDA:285,18,1,1
BRDA:294,19,0,0
BRDA:294,19,1,1
BRDA:306,20,0,0
BRDA:306,20,1,1
BRF:42
BRH:22
end_of_record
TN:
SF:src/modules/realtime/socket.server.ts
FN:26,(anonymous_1)
FN:32,(anonymous_2)
FN:49,(anonymous_3)
FN:56,(anonymous_4)
FN:62,(anonymous_5)
FN:71,(anonymous_6)
FN:90,(anonymous_7)
FN:99,(anonymous_8)
FN:107,(anonymous_9)
FN:112,(anonymous_10)
FN:117,(anonymous_11)
FN:122,(anonymous_12)
FN:127,(anonymous_13)
FN:186,(anonymous_14)
FN:198,(anonymous_15)
FN:251,(anonymous_16)
FN:293,(anonymous_17)
FN:307,(anonymous_18)
FN:311,(anonymous_19)
FNF:19
FNH:0
FNDA:0,(anonymous_1)
FNDA:0,(anonymous_2)
FNDA:0,(anonymous_3)
FNDA:0,(anonymous_4)
FNDA:0,(anonymous_5)
FNDA:0,(anonymous_6)
FNDA:0,(anonymous_7)
FNDA:0,(anonymous_8)
FNDA:0,(anonymous_9)
FNDA:0,(anonymous_10)
FNDA:0,(anonymous_11)
FNDA:0,(anonymous_12)
FNDA:0,(anonymous_13)
FNDA:0,(anonymous_14)
FNDA:0,(anonymous_15)
FNDA:0,(anonymous_16)
FNDA:0,(anonymous_17)
FNDA:0,(anonymous_18)
FNDA:0,(anonymous_19)
DA:2,0
DA:3,0
DA:4,0
DA:5,0
DA:27,0
DA:28,0
DA:29,0
DA:30,0
DA:33,0
DA:43,0
DA:46,0
DA:49,0
DA:50,0
DA:53,0
DA:57,0
DA:58,0
DA:59,0
DA:62,0
DA:63,0
DA:64,0
DA:66,0
DA:71,0
DA:72,0
DA:73,0
DA:74,0
DA:75,0
DA:77,0
DA:84,0
DA:91,0
DA:93,0
DA:96,0
DA:100,0
DA:107,0
DA:108,0
DA:112,0
DA:113,0
DA:117,0
DA:118,0
DA:122,0
DA:123,0
DA:128,0
DA:129,0
DA:133,0
DA:137,0
DA:140,0
DA:141,0
DA:144,0
DA:145,0
DA:152,0
DA:160,0
DA:171,0
DA:174,0
DA:175,0
DA:186,0
DA:192,0
DA:199,0
DA:200,0
DA:204,0
DA:207,0
DA:208,0
DA:209,0
DA:211,0
DA:219,0
DA:230,0
DA:233,0
DA:234,0
DA:245,0
DA:246,0
DA:252,0
DA:253,0
DA:256,0
DA:260,0
DA:262,0
DA:269,0
DA:278,0
DA:281,0
DA:282,0
DA:294,0
DA:300,0
DA:301,0
DA:302,0
DA:308,0
DA:312,0
DA:313,0
DA:314,0
DA:316,0
DA:317,0
DA:318,0
DA:320,0
DA:321,0
DA:322,0
DA:324,0
DA:328,0
LF:93
LH:0
BRDA:63,0,0,0
BRDA:63,0,1,0
BRDA:72,1,0,0
BRDA:72,1,1,0
BRDA:78,2,0,0
BRDA:78,2,1,0
BRDA:85,3,0,0
BRDA:85,3,1,0
BRDA:91,4,0,0
BRDA:91,4,1,0
BRDA:128,5,0,0
BRDA:128,5,1,0
BRDA:128,6,0,0
BRDA:128,6,1,0
BRDA:140,7,0,0
BRDA:140,7,1,0
BRDA:174,8,0,0
BRDA:174,8,1,0
BRDA:199,9,0,0
BRDA:199,9,1,0
BRDA:208,10,0,0
BRDA:208,10,1,0
BRDA:233,11,0,0
BRDA:233,11,1,0
BRDA:245,12,0,0
BRDA:245,12,1,0
BRDA:252,13,0,0
BRDA:252,13,1,0
BRDA:252,14,0,0
BRDA:252,14,1,0
BRDA:281,15,0,0
BRDA:281,15,1,0
BRDA:301,16,0,0
BRDA:301,16,1,0
BRDA:301,17,0,0
BRDA:301,17,1,0
BRDA:312,18,0,0
BRDA:312,18,1,0
BRDA:316,19,0,0
BRDA:316,19,1,0
BRDA:320,20,0,0
BRDA:320,20,1,0
BRF:42
BRH:0
end_of_record
TN:
SF:src/modules/role/role.controller.ts
FN:8,(anonymous_1)
FN:69,(anonymous_2)
FN:104,(anonymous_3)
FN:120,(anonymous_4)
FNF:4
FNH:0
FNDA:0,(anonymous_1)
FNDA:0,(anonymous_2)
FNDA:0,(anonymous_3)
FNDA:0,(anonymous_4)
DA:2,2
DA:5,2
DA:6,2
DA:8,2
DA:9,0
DA:10,0
DA:11,0
DA:15,0
DA:16,0
DA:19,0
DA:20,0
DA:22,0
DA:23,0
DA:27,0
DA:28,0
DA:31,0
DA:32,0
DA:36,0
DA:37,0
DA:40,0
DA:47,0
DA:52,0
DA:54,0
DA:60,0
DA:64,0
DA:65,0
DA:69,2
DA:70,0
DA:71,0
DA:72,0
DA:76,0
DA:77,0
DA:80,0
DA:81,0
DA:83,0
DA:87,0
DA:89,0
DA:95,0
DA:99,0
DA:100,0
DA:104,2
DA:105,0
DA:106,0
DA:107,0
DA:111,0
DA:112,0
DA:115,0
DA:116,0
DA:118,0
DA:120,0
DA:122,0
DA:124,0
DA:129,0
DA:133,0
LF:54
LH:6
BRDA:10,0,0,0
BRDA:10,0,1,0
BRDA:22,1,0,0
BRDA:22,1,1,0
BRDA:31,2,0,0
BRDA:31,2,1,0
BRDA:55,3,0,0
BRDA:55,3,1,0
BRDA:62,4,0,0
BRDA:62,4,1,0
BRDA:64,5,0,0
BRDA:64,5,1,0
BRDA:64,6,0,0
BRDA:64,6,1,0
BRDA:71,7,0,0
BRDA:71,7,1,0
BRDA:90,8,0,0
BRDA:90,8,1,0
BRDA:97,9,0,0
BRDA:97,9,1,0
BRDA:99,10,0,0
BRDA:99,10,1,0
BRDA:99,11,0,0
BRDA:99,11,1,0
BRDA:106,12,0,0
BRDA:106,12,1,0
BRDA:125,13,0,0
BRDA:125,13,1,0
BRDA:131,14,0,0
BRDA:131,14,1,0
BRF:30
BRH:0
end_of_record
TN:
SF:src/modules/role/role.service.ts
FN:15,(anonymous_10)
FN:77,(anonymous_11)
FN:124,(anonymous_12)
FN:149,(anonymous_13)
FN:183,(anonymous_14)
FN:206,(anonymous_15)
FNF:6
FNH:0
FNDA:0,(anonymous_10)
FNDA:0,(anonymous_11)
FNDA:0,(anonymous_12)
FNDA:0,(anonymous_13)
FNDA:0,(anonymous_14)
FNDA:0,(anonymous_15)
DA:2,4
DA:3,4
DA:4,4
DA:5,4
DA:6,4
DA:7,4
DA:9,4
DA:10,4
DA:12,4
DA:21,0
DA:24,0
DA:28,0
DA:29,0
DA:34,0
DA:38,0
DA:43,0
DA:44,0
DA:45,0
DA:49,0
DA:50,0
DA:51,0
DA:55,0
DA:56,0
DA:57,0
DA:60,0
DA:61,0
DA:63,0
DA:69,0
DA:74,0
DA:82,0
DA:85,0
DA:89,0
DA:90,0
DA:95,0
DA:99,0
DA:103,0
DA:104,0
DA:105,0
DA:109,0
DA:110,0
DA:111,0
DA:114,0
DA:115,0
DA:118,0
DA:128,0
DA:131,0
DA:135,0
DA:136,0
DA:137,0
DA:140,0
DA:146,0
DA:154,0
DA:155,0
DA:156,0
DA:157,0
DA:158,0
DA:162,0
DA:165,0
DA:166,0
DA:167,0
DA:171,0
DA:175,0
DA:176,0
DA:177,0
DA:180,0
DA:189,0
DA:190,0
DA:191,0
DA:192,0
DA:197,0
DA:200,0
DA:201,0
DA:202,0
DA:203,0
DA:206,0
DA:207,0
DA:208,0
DA:211,0
DA:213,0
LF:79
LH:9
BRDA:28,0,0,0
BRDA:28,0,1,0
BRDA:28,1,0,0
BRDA:28,1,1,0
BRDA:43,2,0,0
BRDA:43,2,1,0
BRDA:49,3,0,0
BRDA:49,3,1,0
BRDA:55,4,0,0
BRDA:55,4,1,0
BRDA:89,5,0,0
BRDA:89,5,1,0
BRDA:89,6,0,0
BRDA:89,6,1,0
BRDA:103,7,0,0
BRDA:103,7,1,0
BRDA:109,8,0,0
BRDA:109,8,1,0
BRDA:135,9,0,0
BRDA:135,9,1,0
BRDA:156,10,0,0
BRDA:156,10,1,0
BRDA:165,11,0,0
BRDA:165,11,1,0
BRDA:175,12,0,0
BRDA:175,12,1,0
BRDA:176,13,0,0
BRDA:176,13,1,0
BRDA:191,14,0,0
BRDA:191,14,1,0
BRDA:201,15,0,0
BRDA:201,15,1,0
BRDA:208,16,0,0
BRDA:208,16,1,0
BRF:34
BRH:0
end_of_record
TN:
SF:src/modules/workspace/workspace.controller.ts
FN:8,(anonymous_1)
FN:54,(anonymous_2)
FN:85,(anonymous_3)
FN:119,(anonymous_4)
FN:160,(anonymous_5)
FNF:5
FNH:0
FNDA:0,(anonymous_1)
FNDA:0,(anonymous_2)
FNDA:0,(anonymous_3)
FNDA:0,(anonymous_4)
FNDA:0,(anonymous_5)
DA:2,2
DA:6,2
DA:8,2
DA:9,0
DA:10,0
DA:11,0
DA:15,0
DA:16,0
DA:19,0
DA:21,0
DA:22,0
DA:26,0
DA:27,0
DA:30,0
DA:35,0
DA:40,0
DA:42,0
DA:46,0
DA:50,0
DA:54,2
DA:55,0
DA:56,0
DA:57,0
DA:61,0
DA:62,0
DA:65,0
DA:67,0
DA:71,0
DA:73,0
DA:77,0
DA:81,0
DA:85,2
DA:86,0
DA:87,0
DA:88,0
DA:92,0
DA:93,0
DA:96,0
DA:97,0
DA:99,0
DA:103,0
DA:105,0
DA:110,0
DA:114,0
DA:115,0
DA:119,2
DA:120,0
DA:121,0
DA:122,0
DA:126,0
DA:127,0
DA:130,0
DA:131,0
DA:133,0
DA:134,0
DA:135,0
DA:137,0
DA:139,0
DA:144,0
DA:146,0
DA:151,0
DA:155,0
DA:156,0
DA:160,2
DA:161,0
DA:162,0
DA:163,0
DA:167,0
DA:168,0
DA:171,0
DA:172,0
DA:174,0
DA:178,0
DA:180,0
DA:185,0
DA:189,0
DA:190,0
LF:77
LH:7
BRDA:10,0,0,0
BRDA:10,0,1,0
BRDA:21,1,0,0
BRDA:21,1,1,0
BRDA:43,2,0,0
BRDA:43,2,1,0
BRDA:48,3,0,0
BRDA:48,3,1,0
BRDA:56,4,0,0
BRDA:56,4,1,0
BRDA:74,5,0,0
BRDA:74,5,1,0
BRDA:79,6,0,0
BRDA:79,6,1,0
BRDA:87,7,0,0
BRDA:87,7,1,0
BRDA:106,8,0,0
BRDA:106,8,1,0
BRDA:112,9,0,0
BRDA:112,9,1,0
BRDA:114,10,0,0
BRDA:114,10,1,0
BRDA:114,11,0,0
BRDA:114,11,1,0
BRDA:121,12,0,0
BRDA:121,12,1,0
BRDA:134,13,0,0
BRDA:134,13,1,0
BRDA:135,14,0,0
BRDA:135,14,1,0
BRDA:147,15,0,0
BRDA:147,15,1,0
BRDA:153,16,0,0
BRDA:153,16,1,0
BRDA:155,17,0,0
BRDA:155,17,1,0
BRDA:155,18,0,0
BRDA:155,18,1,0
BRDA:162,19,0,0
BRDA:162,19,1,0
BRDA:181,20,0,0
BRDA:181,20,1,0
BRDA:187,21,0,0
BRDA:187,21,1,0
BRDA:189,22,0,0
BRDA:189,22,1,0
BRDA:189,23,0,0
BRDA:189,23,1,0
BRF:48
BRH:0
end_of_record
TN:
SF:src/modules/workspace/workspace.service.ts
FN:19,(anonymous_10)
FN:52,(anonymous_11)
FN:53,(anonymous_12)
FN:73,(anonymous_13)
FN:90,(anonymous_14)
FN:91,(anonymous_15)
FN:101,(anonymous_16)
FN:105,(anonymous_17)
FN:106,(anonymous_18)
FN:111,(anonymous_19)
FN:119,(anonymous_20)
FN:160,(anonymous_21)
FN:215,(anonymous_22)
FN:245,(anonymous_23)
FNF:14
FNH:6
FNDA:3,(anonymous_10)
FNDA:1,(anonymous_11)
FNDA:1,(anonymous_12)
FNDA:0,(anonymous_13)
FNDA:0,(anonymous_14)
FNDA:0,(anonymous_15)
FNDA:0,(anonymous_16)
FNDA:0,(anonymous_17)
FNDA:0,(anonymous_18)
FNDA:0,(anonymous_19)
FNDA:4,(anonymous_20)
FNDA:2,(anonymous_21)
FNDA:2,(anonymous_22)
FNDA:0,(anonymous_23)
DA:2,3
DA:3,3
DA:9,3
DA:10,3
DA:11,3
DA:12,3
DA:14,3
DA:15,3
DA:17,3
DA:23,3
DA:26,3
DA:27,3
DA:28,1
DA:29,1
DA:33,2
DA:36,2
DA:37,1
DA:41,1
DA:44,1
DA:49,1
DA:52,2
DA:53,2
DA:54,1
DA:55,1
DA:60,1
DA:62,1
DA:68,1
DA:70,1
DA:74,0
DA:77,0
DA:78,0
DA:79,0
DA:80,0
DA:81,0
DA:85,0
DA:91,0
DA:92,0
DA:93,0
DA:101,0
DA:104,0
DA:105,0
DA:106,0
DA:107,0
DA:111,0
DA:114,0
DA:116,0
DA:120,4
DA:123,4
DA:124,4
DA:125,4
DA:126,1
DA:128,1
DA:129,1
DA:130,0
DA:131,0
DA:133,1
DA:136,3
DA:141,3
DA:142,1
DA:143,1
DA:147,2
DA:148,2
DA:149,1
DA:150,1
DA:153,1
DA:155,1
DA:157,1
DA:165,2
DA:167,2
DA:171,2
DA:172,0
DA:175,0
DA:179,2
DA:180,2
DA:181,1
DA:185,1
DA:189,1
DA:190,0
DA:193,0
DA:194,0
DA:198,0
DA:202,1
DA:203,1
DA:205,1
DA:210,1
DA:212,1
DA:216,2
DA:218,2
DA:222,2
DA:223,0
DA:226,0
DA:230,2
DA:231,1
DA:235,1
DA:238,1
DA:239,1
DA:242,1
DA:246,0
DA:249,0
LF:99
LH:69
BRDA:27,0,0,1
BRDA:27,0,1,2
BRDA:36,1,0,1
BRDA:36,1,1,1
BRDA:79,2,0,0
BRDA:79,2,1,0
BRDA:106,3,0,0
BRDA:106,3,1,0
BRDA:125,4,0,1
BRDA:125,4,1,3
BRDA:129,5,0,0
BRDA:129,5,1,1
BRDA:129,6,0,1
BRDA:129,6,1,0
BRDA:141,7,0,1
BRDA:141,7,1,2
BRDA:148,8,0,1
BRDA:148,8,1,1
BRDA:148,9,0,2
BRDA:148,9,1,1
BRDA:171,10,0,0
BRDA:171,10,1,2
BRDA:180,11,0,1
BRDA:180,11,1,1
BRDA:189,12,0,0
BRDA:189,12,1,1
BRDA:189,13,0,1
BRDA:189,13,1,0
BRDA:193,14,0,0
BRDA:193,14,1,0
BRDA:222,15,0,0
BRDA:222,15,1,2
BRDA:230,16,0,1
BRDA:230,16,1,1
BRF:34
BRH:22
end_of_record
TN:
SF:src/shared/middleware/auth.middleware.ts
FN:9,(anonymous_0)
FNF:1
FNH:0
FNDA:0,(anonymous_0)
DA:2,2
DA:9,2
DA:14,0
DA:15,0
DA:17,0
DA:18,0
DA:22,0
DA:23,0
DA:26,0
DA:28,0
DA:29,0
DA:31,0
DA:33,0
DA:37,0
LF:14
LH:2
BRDA:17,0,0,0
BRDA:17,0,1,0
BRDA:17,1,0,0
BRDA:17,1,1,0
BRDA:35,2,0,0
BRDA:35,2,1,0
BRF:6
BRH:0
end_of_record
TN:
SF:src/shared/middleware/httpLogger.middleware.ts
FN:4,(anonymous_1)
FN:16,(anonymous_2)
FNF:2
FNH:1
FNDA:8,(anonymous_1)
FNDA:0,(anonymous_2)
DA:2,2
DA:4,2
DA:5,8
DA:8,8
DA:16,0
DA:17,0
DA:18,0
DA:27,0
DA:28,0
DA:29,0
DA:30,0
DA:32,0
DA:36,0
LF:13
LH:4
BRDA:10,0,0,8
BRDA:10,0,1,0
BRDA:11,1,0,8
BRDA:11,1,1,0
BRDA:20,2,0,0
BRDA:20,2,1,0
BRDA:23,3,0,0
BRDA:23,3,1,0
BRDA:27,4,0,0
BRDA:27,4,1,0
BRDA:29,5,0,0
BRDA:29,5,1,0
BRF:12
BRH:2
end_of_record
TN:
SF:src/shared/middleware/rateLimiter.middleware.ts
FNF:0
FNH:0
DA:1,2
DA:3,2
DA:11,2
LF:3
LH:3
BRF:0
BRH:0
end_of_record
TN:
SF:src/shared/middleware/rbac.middleware.ts
FN:7,(anonymous_0)
FN:10,(anonymous_1)
FN:58,(anonymous_2)
FN:59,(anonymous_3)
FNF:4
FNH:1
FNDA:2,(anonymous_0)
FNDA:0,(anonymous_1)
FNDA:0,(anonymous_2)
FNDA:0,(anonymous_3)
DA:4,2
DA:7,2
DA:10,2
DA:11,0
DA:12,0
DA:13,0
DA:17,0
DA:18,0
DA:21,0
DA:23,0
DA:24,0
DA:28,0
DA:29,0
DA:32,0
DA:38,0
DA:39,0
DA:43,0
DA:44,0
DA:47,0
DA:49,0
DA:53,0
DA:58,2
DA:59,0
DA:60,0
DA:61,0
DA:62,0
DA:66,0
DA:67,0
DA:70,0
DA:72,0
DA:73,0
DA:77,0
DA:78,0
DA:81,0
DA:83,0
DA:84,0
DA:88,0
DA:89,0
DA:92,0
DA:94,0
DA:98,0
LF:41
LH:4
BRDA:12,0,0,0
BRDA:12,0,1,0
BRDA:21,1,0,0
BRDA:21,1,1,0
BRDA:21,1,2,0
BRDA:23,2,0,0
BRDA:23,2,1,0
BRDA:38,3,0,0
BRDA:38,3,1,0
BRDA:51,4,0,0
BRDA:51,4,1,0
BRDA:61,5,0,0
BRDA:61,5,1,0
BRDA:70,6,0,0
BRDA:70,6,1,0
BRDA:70,6,2,0
BRDA:72,7,0,0
BRDA:72,7,1,0
BRDA:83,8,0,0
BRDA:83,8,1,0
BRDA:83,9,0,0
BRDA:83,9,1,0
BRDA:96,10,0,0
BRDA:96,10,1,0
BRF:24
BRH:0
end_of_record
TN:
SF:src/shared/middleware/socketAuth.middleware.ts
FN:11,(anonymous_1)
FNF:1
FNH:0
FNDA:0,(anonymous_1)
DA:3,0
DA:4,0
DA:11,0
DA:15,0
DA:17,0
DA:18,0
DA:21,0
DA:25,0
DA:26,0
DA:29,0
DA:32,0
DA:33,0
DA:34,0
DA:36,0
DA:42,0
DA:44,0
DA:48,0
LF:17
LH:0
BRDA:18,0,0,0
BRDA:18,0,1,0
BRDA:21,1,0,0
BRDA:21,1,1,0
BRDA:21,1,2,0
BRDA:25,2,0,0
BRDA:25,2,1,0
BRDA:46,3,0,0
BRDA:46,3,1,0
BRF:9
BRH:0
end_of_record
TN:
SF:src/shared/types/roles.ts
FN:1,(anonymous_0)
FNF:1
FNH:1
FNDA:10,(anonymous_0)
DA:1,10
DA:2,10
DA:3,10
DA:4,10
DA:15,10
LF:5
LH:5
BRDA:1,0,0,10
BRDA:1,0,1,10
BRF:2
BRH:2
end_of_record
TN:
SF:src/shared/utils/cache.util.ts
FN:11,(anonymous_1)
FN:27,(anonymous_2)
FN:43,(anonymous_3)
FN:54,(anonymous_4)
FN:72,(anonymous_5)
FN:85,(anonymous_6)
FN:95,(anonymous_7)
FN:105,(anonymous_8)
FN:112,(anonymous_9)
FN:119,(anonymous_10)
FN:126,(anonymous_11)
FN:133,(anonymous_12)
FN:140,(anonymous_13)
FNF:13
FNH:0
FNDA:0,(anonymous_1)
FNDA:0,(anonymous_2)
FNDA:0,(anonymous_3)
FNDA:0,(anonymous_4)
FNDA:0,(anonymous_5)
FNDA:0,(anonymous_6)
FNDA:0,(anonymous_7)
FNDA:0,(anonymous_8)
FNDA:0,(anonymous_9)
FNDA:0,(anonymous_10)
FNDA:0,(anonymous_11)
FNDA:0,(anonymous_12)
FNDA:0,(anonymous_13)
DA:1,0
DA:2,0
DA:4,0
DA:5,0
DA:6,0
DA:12,0
DA:13,0
DA:14,0
DA:15,0
DA:17,0
DA:19,0
DA:20,0
DA:32,0
DA:33,0
DA:34,0
DA:36,0
DA:44,0
DA:45,0
DA:47,0
DA:55,0
DA:56,0
DA:57,0
DA:58,0
DA:59,0
DA:62,0
DA:73,0
DA:86,0
DA:96,0
DA:106,0
DA:113,0
DA:120,0
DA:127,0
DA:134,0
DA:141,0
LF:34
LH:0
BRDA:14,0,0,0
BRDA:14,0,1,0
BRDA:30,1,0,0
BRDA:57,2,0,0
BRDA:57,2,1,0
BRF:5
BRH:0
end_of_record
TN:
SF:src/shared/utils/jwt.util.ts
FN:15,(anonymous_1)
FN:21,(anonymous_2)
FN:27,(anonymous_3)
FN:34,(anonymous_4)
FN:42,(anonymous_5)
FNF:5
FNH:0
FNDA:0,(anonymous_1)
FNDA:0,(anonymous_2)
FNDA:0,(anonymous_3)
FNDA:0,(anonymous_4)
FNDA:0,(anonymous_5)
DA:1,3
DA:2,3
DA:14,3
DA:16,0
DA:22,0
DA:28,0
DA:35,0
DA:36,0
DA:38,0
DA:43,0
DA:44,0
DA:46,0
LF:12
LH:3
BRF:0
BRH:0
end_of_record
TN:
SF:src/shared/utils/logger.ts
FN:26,(anonymous_1)
FN:36,(anonymous_2)
FN:90,(anonymous_3)
FNF:3
FNH:0
FNDA:0,(anonymous_1)
FNDA:0,(anonymous_2)
FNDA:0,(anonymous_3)
DA:1,0
DA:2,0
DA:5,0
DA:14,0
DA:23,0
DA:26,0
DA:27,0
DA:28,0
DA:29,0
DA:33,0
DA:37,0
DA:38,0
DA:40,0
DA:41,0
DA:44,0
DA:49,0
DA:56,0
DA:75,0
DA:89,0
DA:91,0
DA:95,0
LF:21
LH:0
BRDA:27,0,0,0
BRDA:27,0,1,0
BRDA:29,1,0,0
BRDA:29,1,1,0
BRDA:40,2,0,0
BRDA:40,2,1,0
BRDA:40,3,0,0
BRDA:40,3,1,0
BRF:8
BRH:0
end_of_record
TN:
SF:src/shared/utils/token.util.ts
FN:4,(anonymous_0)
FNF:1
FNH:0
FNDA:0,(anonymous_0)
DA:1,2
DA:3,2
DA:5,0
LF:3
LH:2
BRF:0
BRH:0
end_of_record
